2024-09-30 00:45:28 [error]: page.waitForSelector: Target page, context or browser has been closed
Call log:
  [2m- waiting for locator('a[href="/notifications"]') to be visible[22m

    at ZhihuRobot.<anonymous> (/Users/icool/Desktop/Mycode/LAP/backend/src/robots/zhihuRobot.ts:44:23)
    at /Users/icool/Desktop/Mycode/LAP/backend/src/robots/zhihuRobot.ts:8:71
    at __awaiter (/Users/icool/Desktop/Mycode/LAP/backend/src/robots/zhihuRobot.ts:4:12)
    at ZhihuRobot.waitForLoginSuccess (/Users/icool/Desktop/Mycode/LAP/backend/src/robots/zhihuRobot.ts:47:16)
    at RobotManager.<anonymous> (/Users/icool/Desktop/Mycode/LAP/backend/src/robotManager.ts:77:23)
    at /Users/icool/Desktop/Mycode/LAP/backend/src/robotManager.ts:8:71
    at __awaiter (/Users/icool/Desktop/Mycode/LAP/backend/src/robotManager.ts:4:12)
    at /Users/icool/Desktop/Mycode/LAP/backend/src/robotManager.ts:75:19
    at RobotManager.<anonymous> (/Users/icool/Desktop/Mycode/LAP/backend/src/robotManager.ts:96:9)
    at fulfilled (/Users/icool/Desktop/Mycode/LAP/backend/src/robotManager.ts:5:58)
2024-09-30 00:45:28 [error]: page.waitForSelector: Target page, context or browser has been closed
Call log:
  [2m- waiting for locator('a[href="/notifications"]') to be visible[22m

    at ZhihuRobot.<anonymous> (/Users/icool/Desktop/Mycode/LAP/backend/src/robots/zhihuRobot.ts:44:23)
    at /Users/icool/Desktop/Mycode/LAP/backend/src/robots/zhihuRobot.ts:8:71
    at __awaiter (/Users/icool/Desktop/Mycode/LAP/backend/src/robots/zhihuRobot.ts:4:12)
    at ZhihuRobot.waitForLoginSuccess (/Users/icool/Desktop/Mycode/LAP/backend/src/robots/zhihuRobot.ts:47:16)
    at RobotManager.<anonymous> (/Users/icool/Desktop/Mycode/LAP/backend/src/robotManager.ts:77:23)
    at /Users/icool/Desktop/Mycode/LAP/backend/src/robotManager.ts:8:71
    at __awaiter (/Users/icool/Desktop/Mycode/LAP/backend/src/robotManager.ts:4:12)
    at /Users/icool/Desktop/Mycode/LAP/backend/src/robotManager.ts:75:19
    at RobotManager.<anonymous> (/Users/icool/Desktop/Mycode/LAP/backend/src/robotManager.ts:96:9)
    at fulfilled (/Users/icool/Desktop/Mycode/LAP/backend/src/robotManager.ts:5:58)
2024-09-30 00:47:23 [error]: page.goto: Timeout 30000ms exceeded.
Call log:
  [2m- navigating to "https://www.zhihu.com/signin", waiting until "networkidle"[22m

    at ZhihuRobot.<anonymous> (/Users/icool/Desktop/Mycode/LAP/backend/src/robots/zhihuRobot.ts:17:23)
    at fulfilled (/Users/icool/Desktop/Mycode/LAP/backend/src/robots/zhihuRobot.ts:5:58)
2024-09-30 00:47:23 [error]: Error starting login state update for account 2: page.goto: Timeout 30000ms exceeded.
Call log:
  [2m- navigating to "https://www.zhihu.com/signin", waiting until "networkidle"[22m

2024-09-30 00:50:29 [error]: page.waitForSelector: Timeout 60000ms exceeded.
Call log:
  [2m- waiting for locator('a[href="/notifications"]') to be visible[22m

    at ZhihuRobot.<anonymous> (/Users/icool/Desktop/Mycode/LAP/backend/src/robots/zhihuRobot.ts:44:23)
    at /Users/icool/Desktop/Mycode/LAP/backend/src/robots/zhihuRobot.ts:8:71
    at __awaiter (/Users/icool/Desktop/Mycode/LAP/backend/src/robots/zhihuRobot.ts:4:12)
    at ZhihuRobot.waitForLoginSuccess (/Users/icool/Desktop/Mycode/LAP/backend/src/robots/zhihuRobot.ts:47:16)
    at RobotManager.<anonymous> (/Users/icool/Desktop/Mycode/LAP/backend/src/robotManager.ts:77:23)
    at /Users/icool/Desktop/Mycode/LAP/backend/src/robotManager.ts:8:71
    at __awaiter (/Users/icool/Desktop/Mycode/LAP/backend/src/robotManager.ts:4:12)
    at /Users/icool/Desktop/Mycode/LAP/backend/src/robotManager.ts:75:19
    at RobotManager.<anonymous> (/Users/icool/Desktop/Mycode/LAP/backend/src/robotManager.ts:96:9)
    at fulfilled (/Users/icool/Desktop/Mycode/LAP/backend/src/robotManager.ts:5:58)
2024-09-30 00:50:29 [error]: page.waitForSelector: Timeout 60000ms exceeded.
Call log:
  [2m- waiting for locator('a[href="/notifications"]') to be visible[22m

    at ZhihuRobot.<anonymous> (/Users/icool/Desktop/Mycode/LAP/backend/src/robots/zhihuRobot.ts:44:23)
    at /Users/icool/Desktop/Mycode/LAP/backend/src/robots/zhihuRobot.ts:8:71
    at __awaiter (/Users/icool/Desktop/Mycode/LAP/backend/src/robots/zhihuRobot.ts:4:12)
    at ZhihuRobot.waitForLoginSuccess (/Users/icool/Desktop/Mycode/LAP/backend/src/robots/zhihuRobot.ts:47:16)
    at RobotManager.<anonymous> (/Users/icool/Desktop/Mycode/LAP/backend/src/robotManager.ts:77:23)
    at /Users/icool/Desktop/Mycode/LAP/backend/src/robotManager.ts:8:71
    at __awaiter (/Users/icool/Desktop/Mycode/LAP/backend/src/robotManager.ts:4:12)
    at /Users/icool/Desktop/Mycode/LAP/backend/src/robotManager.ts:75:19
    at RobotManager.<anonymous> (/Users/icool/Desktop/Mycode/LAP/backend/src/robotManager.ts:96:9)
    at fulfilled (/Users/icool/Desktop/Mycode/LAP/backend/src/robotManager.ts:5:58)
2024-09-30 00:52:11 [error]: page.waitForSelector: Target page, context or browser has been closed
Call log:
  [2m- waiting for locator('a[href="/notifications"]') to be visible[22m

    at ZhihuRobot.<anonymous> (/Users/icool/Desktop/Mycode/LAP/backend/src/robots/zhihuRobot.ts:44:23)
    at /Users/icool/Desktop/Mycode/LAP/backend/src/robots/zhihuRobot.ts:8:71
    at __awaiter (/Users/icool/Desktop/Mycode/LAP/backend/src/robots/zhihuRobot.ts:4:12)
    at ZhihuRobot.waitForLoginSuccess (/Users/icool/Desktop/Mycode/LAP/backend/src/robots/zhihuRobot.ts:47:16)
    at RobotManager.<anonymous> (/Users/icool/Desktop/Mycode/LAP/backend/src/robotManager.ts:77:23)
    at /Users/icool/Desktop/Mycode/LAP/backend/src/robotManager.ts:8:71
    at __awaiter (/Users/icool/Desktop/Mycode/LAP/backend/src/robotManager.ts:4:12)
    at /Users/icool/Desktop/Mycode/LAP/backend/src/robotManager.ts:75:19
    at RobotManager.<anonymous> (/Users/icool/Desktop/Mycode/LAP/backend/src/robotManager.ts:96:9)
    at fulfilled (/Users/icool/Desktop/Mycode/LAP/backend/src/robotManager.ts:5:58)
2024-09-30 00:52:11 [error]: page.waitForSelector: Target page, context or browser has been closed
Call log:
  [2m- waiting for locator('a[href="/notifications"]') to be visible[22m

    at ZhihuRobot.<anonymous> (/Users/icool/Desktop/Mycode/LAP/backend/src/robots/zhihuRobot.ts:44:23)
    at /Users/icool/Desktop/Mycode/LAP/backend/src/robots/zhihuRobot.ts:8:71
    at __awaiter (/Users/icool/Desktop/Mycode/LAP/backend/src/robots/zhihuRobot.ts:4:12)
    at ZhihuRobot.waitForLoginSuccess (/Users/icool/Desktop/Mycode/LAP/backend/src/robots/zhihuRobot.ts:47:16)
    at RobotManager.<anonymous> (/Users/icool/Desktop/Mycode/LAP/backend/src/robotManager.ts:77:23)
    at /Users/icool/Desktop/Mycode/LAP/backend/src/robotManager.ts:8:71
    at __awaiter (/Users/icool/Desktop/Mycode/LAP/backend/src/robotManager.ts:4:12)
    at /Users/icool/Desktop/Mycode/LAP/backend/src/robotManager.ts:75:19
    at RobotManager.<anonymous> (/Users/icool/Desktop/Mycode/LAP/backend/src/robotManager.ts:96:9)
    at fulfilled (/Users/icool/Desktop/Mycode/LAP/backend/src/robotManager.ts:5:58)
